23:21:53.645 VM19 content.js:115 from the extension
23:21:53.671 VM19 content.js:119 {data: "doTwitterStuff"}
23:21:53.705 VM19 content.js:120 content.js:doTwitterStuff
23:21:53.707 VM19 content.js:131 GO GO GO GO
23:21:53.719 VM33 helpers.js:14 theHypered is checking...
23:21:53.809 VM42 twitter.js:10 originalPromise
23:21:53.816 VM42 twitter.js:20 negative
23:21:53.820 VM42 twitter.js:29 dummy step
23:21:53.827 VM42 twitter.js:30 promiseCalled:1
23:21:53.832 VM42 twitter.js:35 clickTweetButton
23:21:53.835 VM42 twitter.js:36 promiseCalled:1
23:21:53.837 VM42 twitter.js:44 clickTweetBox
23:21:53.845 VM42 twitter.js:45 promiseCalled:1
23:21:53.846 VM42 twitter.js:57 negative
23:21:53.848 VM42 twitter.js:63 clickTweetBox
23:21:53.851 VM42 twitter.js:64 promiseCalled:1
23:21:53.855 VM42 twitter.js:76 typeText
23:21:53.857 VM42 twitter.js:77 promiseCalled:1
23:21:53.861 VM42 twitter.js:84 will type: الكلام المكتوب في المدونة دي عجيب جدا، لو كدب يبقى اللي كتبه يتحاكم علنا، ولو صدق، يبقى الأمن الوطني وغيره لازم يتحاكمواin null
23:21:53.864 VM42 twitter.js:108 typeText
23:21:53.883 VM42 twitter.js:109 promiseCalled:1
23:21:53.884 VM42 twitter.js:121 clickTweetSend
23:21:53.902 VM42 twitter.js:122 promiseCalled:1
23:21:53.906 VM42 twitter.js:166 document ready
23:21:53.919 VM42 twitter.js:168 Initial fulfilled: false
23:21:53.921 VM42 twitter.js:169 Initial rejected: false
23:21:53.925 VM42 twitter.js:170 Initial pending: true
23:21:53.928 VM42 twitter.js:195 negative
23:21:53.939 VM42 twitter.js:267 Uncaught (in promise) TypeError: Cannot read property 'dispatchEvent' of null
    at simulate (VM42 twitter.js:267)
    at VM42 twitter.js:39
    at new Promise (<anonymous>)
    at VM42 twitter.js:34
simulate @ VM42 twitter.js:267
(anonymous) @ VM42 twitter.js:39
(anonymous) @ VM42 twitter.js:34
23:21:53.950 VM42 twitter.js:58 Uncaught (in promise) negative
(anonymous) @ VM42 twitter.js:58
(anonymous) @ VM42 twitter.js:43
23:21:54.215 VM33 helpers.js:16 content:my rocknroll is true
23:21:54.220 VM33 helpers.js:19 theHypered will execute.
23:21:54.224 VM33 helpers.js:32 checkMessageFlow
23:21:54.231 VM33 helpers.js:33 ["doTwitterStuff"]
23:21:54.246 VM33 helpers.js:35 msg:doTwitterStuff
23:21:54.256 VM33 helpers.js:41 willGoTo:doTwitterStuff
23:21:54.265 VM42 twitter.js:203 at begin
23:21:55.907 VM42 twitter.js:267 Uncaught TypeError: Cannot read property 'dispatchEvent' of undefined
    at simulate (VM42 twitter.js:267)
    at VM42 twitter.js:125
simulate @ VM42 twitter.js:267
(anonymous) @ VM42 twitter.js:125
setTimeout (async)
(anonymous) @ VM42 twitter.js:124
(anonymous) @ VM42 twitter.js:120
23:21:58.705 Navigated to https://twitter.com/
23:22:34.097 (index):1 Slow network is detected. See https://www.chromestatus.com/feature/5636954674692096 for more details. Fallback font will be used while loading: https://abs.twimg.com/a/1525371252/font/edge-icons-Regular.woff
23:22:34.958 (index):3169 GET https://pbs.twimg.com/profile_images/987223614759014401/x7qcIthe_normal.jpg net::ERR_CONNECTION_CLOSED
23:22:41.040 (index):3169 GET https://pbs.twimg.com/profile_images/987223614759014401/x7qcIthe_bigger.jpg net::ERR_TIMED_OUT
23:22:47.135 (index):3169 GET https://pbs.twimg.com/profile_images/378800000814206837/ed4e643e007e3d8d09df239e82ed3070_bigger.jpeg net::ERR_TIMED_OUT
23:22:55.152 (index):3169 GET https://pbs.twimg.com/media/DcdoGWEWsAIM2ED.jpg net::ERR_TIMED_OUT
23:22:59.473 (index):3169 GET https://pbs.twimg.com/profile_images/966053739202269185/wrzU2TaU_bigger.jpg net::ERR_CONNECTION_CLOSED
23:23:06.057 (index):3169 GET https://pbs.twimg.com/profile_images/875440182501277696/n-Ic9nBO_bigger.jpg net::ERR_TIMED_OUT
23:23:38.242 init.ar.93f7d088299f7c361108.js:14 GET https://analytics.twitter.com/tpm/p?_=1525555412499 net::ERR_BLOCKED_BY_CLIENT
send @ init.ar.93f7d088299f7c361108.js:14
ajax @ init.ar.93f7d088299f7c361108.js:16
JSONRequest @ init.ar.93f7d088299f7c361108.js:12
get @ init.ar.93f7d088299f7c361108.js:12
doPartnerIdSync @ init.ar.93f7d088299f7c361108.js:2
(anonymous) @ init.ar.93f7d088299f7c361108.js:2
(anonymous) @ init.ar.93f7d088299f7c361108.js:33
(anonymous) @ init.ar.93f7d088299f7c361108.js:33
(anonymous) @ init.ar.93f7d088299f7c361108.js:2
each @ init.ar.93f7d088299f7c361108.js:2
each @ init.ar.93f7d088299f7c361108.js:2
c @ init.ar.93f7d088299f7c361108.js:2
a @ init.ar.93f7d088299f7c361108.js:2
s @ 0.commons.ar.b31105310a474f22fc59.js:1
e.default @ 8.pages_home.ar.dcaf09d602c5f214cb0f.js:45
(anonymous) @ init.ar.93f7d088299f7c361108.js:14
(anonymous) @ init.ar.93f7d088299f7c361108.js:14
r @ init.ar.93f7d088299f7c361108.js:14
r @ init.ar.93f7d088299f7c361108.js:12
(anonymous) @ init.ar.93f7d088299f7c361108.js:12
Promise.then (async)
n @ init.ar.93f7d088299f7c361108.js:12
r @ init.ar.93f7d088299f7c361108.js:12
i @ init.ar.93f7d088299f7c361108.js:14
(anonymous) @ init.ar.93f7d088299f7c361108.js:2
d @ init.ar.93f7d088299f7c361108.js:2
h @ init.ar.93f7d088299f7c361108.js:2
setTimeout (async)
(anonymous) @ init.ar.93f7d088299f7c361108.js:2
l @ init.ar.93f7d088299f7c361108.js:2
fireWith @ init.ar.93f7d088299f7c361108.js:2
fire @ init.ar.93f7d088299f7c361108.js:2
l @ init.ar.93f7d088299f7c361108.js:2
fireWith @ init.ar.93f7d088299f7c361108.js:2
ready @ init.ar.93f7d088299f7c361108.js:12
setTimeout (async)
(anonymous) @ init.ar.93f7d088299f7c361108.js:12
Y2CE @ init.ar.93f7d088299f7c361108.js:12
e @ init.ar.93f7d088299f7c361108.js:1
4kSj @ init.ar.93f7d088299f7c361108.js:2
e @ init.ar.93f7d088299f7c361108.js:1
(anonymous) @ init.ar.93f7d088299f7c361108.js:2
RCB8 @ init.ar.93f7d088299f7c361108.js:2
e @ init.ar.93f7d088299f7c361108.js:1
WXBK @ init.ar.93f7d088299f7c361108.js:12
e @ init.ar.93f7d088299f7c361108.js:1
0 @ init.ar.93f7d088299f7c361108.js:2
e @ init.ar.93f7d088299f7c361108.js:1
+/oQ @ init.ar.93f7d088299f7c361108.js:1
(anonymous) @ init.ar.93f7d088299f7c361108.js:1
23:23:38.301 init.ar.93f7d088299f7c361108.js:1 GET https://www.google-analytics.com/analytics.js net::ERR_BLOCKED_BY_CLIENT
(anonymous) @ init.ar.93f7d088299f7c361108.js:1
initGoogle @ init.ar.93f7d088299f7c361108.js:1
dispatch @ init.ar.93f7d088299f7c361108.js:2
S.handle @ init.ar.93f7d088299f7c361108.js:2
trigger @ init.ar.93f7d088299f7c361108.js:12
(anonymous) @ init.ar.93f7d088299f7c361108.js:12
each @ init.ar.93f7d088299f7c361108.js:2
each @ init.ar.93f7d088299f7c361108.js:2
trigger @ init.ar.93f7d088299f7c361108.js:12
(anonymous) @ init.ar.93f7d088299f7c361108.js:14
r @ init.ar.93f7d088299f7c361108.js:14
r @ init.ar.93f7d088299f7c361108.js:12
(anonymous) @ init.ar.93f7d088299f7c361108.js:12
Promise.then (async)
n @ init.ar.93f7d088299f7c361108.js:12
r @ init.ar.93f7d088299f7c361108.js:12
i @ init.ar.93f7d088299f7c361108.js:14
(anonymous) @ init.ar.93f7d088299f7c361108.js:2
d @ init.ar.93f7d088299f7c361108.js:2
h @ init.ar.93f7d088299f7c361108.js:2
setTimeout (async)
(anonymous) @ init.ar.93f7d088299f7c361108.js:2
l @ init.ar.93f7d088299f7c361108.js:2
fireWith @ init.ar.93f7d088299f7c361108.js:2
fire @ init.ar.93f7d088299f7c361108.js:2
l @ init.ar.93f7d088299f7c361108.js:2
fireWith @ init.ar.93f7d088299f7c361108.js:2
ready @ init.ar.93f7d088299f7c361108.js:12
setTimeout (async)
(anonymous) @ init.ar.93f7d088299f7c361108.js:12
Y2CE @ init.ar.93f7d088299f7c361108.js:12
e @ init.ar.93f7d088299f7c361108.js:1
4kSj @ init.ar.93f7d088299f7c361108.js:2
e @ init.ar.93f7d088299f7c361108.js:1
(anonymous) @ init.ar.93f7d088299f7c361108.js:2
RCB8 @ init.ar.93f7d088299f7c361108.js:2
e @ init.ar.93f7d088299f7c361108.js:1
WXBK @ init.ar.93f7d088299f7c361108.js:12
e @ init.ar.93f7d088299f7c361108.js:1
0 @ init.ar.93f7d088299f7c361108.js:2
e @ init.ar.93f7d088299f7c361108.js:1
+/oQ @ init.ar.93f7d088299f7c361108.js:1
(anonymous) @ init.ar.93f7d088299f7c361108.js:1
23:24:18.830 content.js:115 from the extension
23:24:18.889 content.js:119 {data: "doTwitterStuff"}
23:24:18.943 content.js:120 content.js:doTwitterStuff
23:24:18.966 content.js:131 GO GO GO GO
23:24:18.973 helpers.js:14 theHypered is checking...
23:24:19.081 twitter.js:10 originalPromise
23:24:19.090 twitter.js:16 <button id=​"global-new-tweet-button" class=​"js-global-new-tweet js-tooltip EdgeButton EdgeButton--primary js-dynamic-tooltip" data-placement=​"bottom" data-component-context=​"new_tweet_button" data-original-title>​…​</button>​
23:24:19.097 twitter.js:29 dummy step
23:24:19.098 twitter.js:30 promiseCalled:1
23:24:19.107 twitter.js:35 clickTweetButton
23:24:19.108 twitter.js:36 promiseCalled:1
23:24:21.410 twitter.js:44 clickTweetBox
23:24:21.417 twitter.js:45 promiseCalled:1
23:24:21.432 twitter.js:49 tweet box found
23:24:21.434 twitter.js:51 <div aria-labelledby=​"Tweetstorm-tweet-box-0-label Tweetstorm-tweet-box-0-text-label" name=​"tweet" class=​"tweet-box rich-editor" contenteditable=​"true" spellcheck=​"true" role=​"textbox" aria-multiline=​"true" data-placeholder-default=​"ماذا يحدث؟" data-placeholder-poll-composer-on=​"طرح سؤال..." data-placeholder-add-another-tweet=​"إضافة تغريدة جديدة" dir=​"rtl" aria-autocomplete=​"list" aria-expanded=​"false" aria-owns=​"typeahead-dropdown-6">​…​</div>​
23:24:21.470 twitter.js:63 clickTweetBox
23:24:21.485 twitter.js:64 promiseCalled:1
23:24:21.487 twitter.js:68 <div aria-labelledby=​"Tweetstorm-tweet-box-0-label Tweetstorm-tweet-box-0-text-label" name=​"tweet" class=​"tweet-box rich-editor" contenteditable=​"true" spellcheck=​"true" role=​"textbox" aria-multiline=​"true" data-placeholder-default=​"ماذا يحدث؟" data-placeholder-poll-composer-on=​"طرح سؤال..." data-placeholder-add-another-tweet=​"إضافة تغريدة جديدة" dir=​"rtl" aria-autocomplete=​"list" aria-expanded=​"false" aria-owns=​"typeahead-dropdown-6">​…​</div>​
23:24:21.559 twitter.js:76 typeText
23:24:21.561 twitter.js:77 promiseCalled:1
23:24:21.567 twitter.js:84 will type: هو احنا مش هانخلص من القرف ده!؟، لازم يتحط قانون واضح ويتفعل مش على الارفف، ان اي موظف رسمي يكدب لازم يتعاقب عقاب رادع، والا مش هايبقى فيه حاجه اسمها نظام اصلاin [object HTMLDivElement]
23:24:21.581 twitter.js:90 typeing...
23:24:21.591 twitter.js:108 typeText
23:24:21.593 twitter.js:109 promiseCalled:1
23:24:21.681 twitter.js:121 clickTweetSend
23:24:21.686 twitter.js:122 promiseCalled:1
23:24:21.699 twitter.js:166 document ready
23:24:21.705 twitter.js:168 Initial fulfilled: false
23:24:21.712 twitter.js:169 Initial rejected: false
23:24:21.720 twitter.js:170 Initial pending: true
23:24:21.878 helpers.js:16 content:my rocknroll is true
23:24:21.891 helpers.js:19 theHypered will execute.
23:24:21.896 helpers.js:32 checkMessageFlow
23:24:21.897 helpers.js:33 ["doTwitterStuff"]
23:24:21.931 helpers.js:35 msg:doTwitterStuff
23:24:21.939 helpers.js:41 willGoTo:doTwitterStuff
23:24:21.946 twitter.js:203 at begin
23:24:22.812 twitter.js:90 typeing...
23:24:23.444 twitter.js:90 typeing...
23:24:23.759 twitter.js:90 typeing...
23:24:24.048 twitter.js:90 typeing...
23:24:24.283 twitter.js:90 typeing...
23:24:24.514 twitter.js:90 typeing...
23:24:24.755 twitter.js:90 typeing...
23:24:24.965 twitter.js:90 typeing...
23:24:25.163 twitter.js:90 typeing...
23:24:25.410 twitter.js:90 typeing...
23:24:25.655 twitter.js:90 typeing...
23:24:25.890 twitter.js:90 typeing...
23:24:26.216 twitter.js:90 typeing...
23:24:26.412 twitter.js:90 typeing...
23:24:26.646 twitter.js:90 typeing...
23:24:26.851 twitter.js:90 typeing...
23:24:27.114 twitter.js:90 typeing...
23:24:27.319 twitter.js:90 typeing...
23:24:27.561 twitter.js:90 typeing...
23:24:27.772 twitter.js:90 typeing...
23:24:28.134 twitter.js:90 typeing...
23:24:28.315 twitter.js:90 typeing...
23:24:28.519 twitter.js:90 typeing...
23:24:28.736 twitter.js:90 typeing...
23:24:28.941 twitter.js:90 typeing...
23:24:29.121 twitter.js:90 typeing...
23:24:29.336 twitter.js:90 typeing...
23:24:29.518 twitter.js:90 typeing...
23:24:29.782 twitter.js:90 typeing...
23:24:29.980 twitter.js:90 typeing...
23:24:30.211 twitter.js:90 typeing...
23:24:30.425 twitter.js:90 typeing...
23:24:30.625 twitter.js:90 typeing...
23:24:30.834 twitter.js:90 typeing...
23:24:31.028 twitter.js:90 typeing...
23:24:31.231 twitter.js:90 typeing...
23:24:31.448 twitter.js:90 typeing...
23:24:31.637 twitter.js:90 typeing...
23:24:31.834 twitter.js:90 typeing...
23:24:32.081 twitter.js:90 typeing...
23:24:32.373 twitter.js:90 typeing...
23:24:32.553 twitter.js:90 typeing...
23:24:32.752 twitter.js:90 typeing...
23:24:32.951 twitter.js:90 typeing...
23:24:33.144 twitter.js:90 typeing...
23:24:33.342 twitter.js:90 typeing...
23:24:33.519 twitter.js:90 typeing...
23:24:33.717 twitter.js:90 typeing...
23:24:33.929 twitter.js:90 typeing...
23:24:34.129 twitter.js:90 typeing...
23:24:34.316 twitter.js:90 typeing...
23:24:34.501 twitter.js:90 typeing...
23:24:34.702 twitter.js:90 typeing...
23:24:34.945 twitter.js:90 typeing...
23:24:35.137 twitter.js:90 typeing...
23:24:35.418 twitter.js:90 typeing...
23:24:35.588 twitter.js:90 typeing...
23:24:35.808 twitter.js:90 typeing...
23:24:36.003 twitter.js:90 typeing...
23:24:36.203 twitter.js:90 typeing...
23:24:36.400 twitter.js:90 typeing...
23:24:36.640 twitter.js:90 typeing...
23:24:36.854 twitter.js:90 typeing...
23:24:37.040 twitter.js:90 typeing...
23:24:37.247 twitter.js:90 typeing...
23:24:37.431 twitter.js:90 typeing...
23:24:37.633 twitter.js:90 typeing...
23:24:37.839 twitter.js:90 typeing...
23:24:38.021 twitter.js:90 typeing...
23:24:38.217 twitter.js:90 typeing...
23:24:38.403 twitter.js:90 typeing...
23:24:38.602 twitter.js:90 typeing...
23:24:38.805 twitter.js:90 typeing...
23:24:38.963 twitter.js:90 typeing...
23:24:39.223 twitter.js:90 typeing...
23:24:39.381 twitter.js:90 typeing...
23:24:39.570 twitter.js:90 typeing...
23:24:39.752 twitter.js:90 typeing...
23:24:40.048 twitter.js:90 typeing...
23:24:40.301 twitter.js:90 typeing...
23:24:40.528 twitter.js:90 typeing...
23:24:40.726 twitter.js:90 typeing...
23:24:40.929 twitter.js:90 typeing...
23:24:41.154 twitter.js:90 typeing...
23:24:41.359 twitter.js:90 typeing...
23:24:41.559 twitter.js:90 typeing...
23:24:41.765 twitter.js:90 typeing...
23:24:41.951 twitter.js:90 typeing...
23:24:42.186 twitter.js:90 typeing...
23:24:42.368 twitter.js:90 typeing...
23:24:42.557 twitter.js:90 typeing...
23:24:42.780 twitter.js:90 typeing...
23:24:43.009 twitter.js:90 typeing...
23:24:43.320 twitter.js:90 typeing...
23:24:43.534 twitter.js:90 typeing...
23:24:43.723 twitter.js:90 typeing...
23:24:44.212 twitter.js:90 typeing...
23:24:44.381 twitter.js:90 typeing...
23:24:44.593 twitter.js:90 typeing...
23:24:44.805 twitter.js:90 typeing...
23:24:45.061 twitter.js:90 typeing...
23:24:45.308 twitter.js:90 typeing...
23:24:45.522 twitter.js:90 typeing...
23:24:45.716 twitter.js:90 typeing...
23:24:46.168 twitter.js:90 typeing...
23:24:46.403 twitter.js:90 typeing...
23:24:46.659 twitter.js:90 typeing...
23:24:46.865 twitter.js:90 typeing...
23:24:47.044 twitter.js:90 typeing...
23:24:47.255 twitter.js:90 typeing...
23:24:47.444 twitter.js:90 typeing...
23:24:47.862 twitter.js:90 typeing...
23:24:48.066 twitter.js:90 typeing...
23:24:48.248 twitter.js:90 typeing...
23:24:48.437 twitter.js:90 typeing...
23:24:48.637 twitter.js:90 typeing...
23:24:48.839 twitter.js:90 typeing...
23:24:49.026 twitter.js:90 typeing...
23:24:49.114 twitter.js:90 typeing...
23:24:49.307 twitter.js:90 typeing...
23:24:49.525 twitter.js:90 typeing...
23:24:49.698 twitter.js:90 typeing...
23:24:49.915 twitter.js:90 typeing...
23:24:50.100 twitter.js:90 typeing...
23:24:50.174 twitter.js:90 typeing...
23:24:50.363 twitter.js:90 typeing...
23:24:50.553 twitter.js:90 typeing...
23:24:50.735 twitter.js:90 typeing...
23:24:50.909 twitter.js:90 typeing...
23:24:51.122 twitter.js:90 typeing...
23:24:51.221 twitter.js:90 typeing...
23:24:51.421 twitter.js:90 typeing...
23:24:51.612 twitter.js:90 typeing...
23:24:51.830 twitter.js:90 typeing...
23:24:52.005 twitter.js:90 typeing...
23:24:52.186 twitter.js:90 typeing...
23:24:52.412 twitter.js:90 typeing...
23:24:52.647 twitter.js:90 typeing...
23:24:52.829 twitter.js:90 typeing...
23:24:53.003 twitter.js:90 typeing...
23:24:53.190 twitter.js:90 typeing...
23:24:53.362 twitter.js:90 typeing...
23:24:53.585 twitter.js:90 typeing...
23:24:53.749 twitter.js:90 typeing...
23:24:53.936 twitter.js:90 typeing...
23:24:54.143 twitter.js:90 typeing...
23:24:54.334 twitter.js:90 typeing...
23:24:54.536 twitter.js:90 typeing...
23:24:54.709 twitter.js:90 typeing...
23:24:54.906 twitter.js:90 typeing...
23:24:55.101 twitter.js:90 typeing...
23:24:55.263 twitter.js:90 typeing...
23:24:55.475 twitter.js:90 typeing...
23:24:55.712 twitter.js:90 typeing...
23:24:55.893 twitter.js:90 typeing...
23:24:56.131 twitter.js:90 typeing...
23:24:56.300 twitter.js:90 typeing...
23:24:56.497 twitter.js:90 typeing...
23:24:56.702 twitter.js:90 typeing...
23:24:56.894 twitter.js:90 typeing...
23:24:57.080 twitter.js:90 typeing...
23:24:57.296 twitter.js:90 typeing...
23:24:57.509 twitter.js:90 typeing...
23:24:57.715 twitter.js:90 typeing...
23:24:57.903 twitter.js:90 typeing...
23:24:58.093 twitter.js:90 typeing...
23:24:58.276 twitter.js:90 typeing...
23:24:58.569 twitter.js:90 typeing...
23:24:58.747 twitter.js:90 typeing...
23:24:58.973 twitter.js:90 typeing...
23:24:59.149 twitter.js:90 typeing...
23:24:59.355 twitter.js:90 typeing...
23:24:59.531 twitter.js:90 typeing...
23:24:59.707 twitter.js:90 typeing...
23:24:59.906 twitter.js:90 typeing...
23:25:00.275 twitter.js:90 typeing...
23:25:00.483 twitter.js:90 typeing...
23:25:00.661 twitter.js:90 typeing...
23:25:00.856 twitter.js:90 typeing...
23:25:01.062 twitter.js:90 typeing...
23:25:01.253 twitter.js:90 typeing...
23:25:01.460 twitter.js:90 typeing...
23:25:01.675 twitter.js:90 typeing...
23:25:01.841 twitter.js:90 typeing...
23:25:02.026 twitter.js:90 typeing...
23:25:02.229 twitter.js:90 typeing...
23:25:02.437 twitter.js:90 typeing...
23:25:02.630 twitter.js:90 typeing...
23:25:02.820 twitter.js:90 typeing...
23:25:03.003 twitter.js:90 typeing...
23:25:03.220 twitter.js:90 typeing...
23:25:03.396 twitter.js:95 TYPETYPE!
23:25:03.427 twitter.js:98 <button class=​"SendTweetsButton EdgeButton EdgeButton--primary EdgeButton--medium js-send-tweets disabled" type=​"button" disabled>​…​</button>​
